<?xml version="1.0" encoding="UTF-8"?>
<testsuite xmlns:xsi="http://www.w3.org/2001/XMLSchema-instance" xsi:noNamespaceSchemaLocation="https://maven.apache.org/surefire/maven-surefire-plugin/xsd/surefire-test-report-3.0.xsd" version="3.0" name="com.example.demo.MockitoCreationExamplesTest" time="0.683" tests="8" errors="0" skipped="0" failures="0">
  <properties>
[...]
</properties>
  <testcase name="basic_mock_creation_with_Mockito_mock" classname="com.example.demo.MockitoCreationExamplesTest" time="0.107">
    <system-out><![CDATA[
▶ [테스트 시작] 직접 mock() 호출 → findById 동작 검증
]]></system-out>
  </testcase>
  <testcase name="annotation_based_mock_and_injection" classname="com.example.demo.MockitoCreationExamplesTest" time="0.017">
    <system-out><![CDATA[
▶ [테스트 시작] UserService.register() → 저장/메일 호출 검증
]]></system-out>
  </testcase>
  <testcase name="mock_with_defaultAnswer_and_name" classname="com.example.demo.MockitoCreationExamplesTest" time="0.045">
    <system-out><![CDATA[
▶ [테스트 시작] withSettings 옵션 → 이름 부여, SMART_NULLS 사용
]]></system-out>
  </testcase>
  <testcase name="argument_captor_and_matchers" classname="com.example.demo.MockitoCreationExamplesTest" time="0.008">
    <system-out><![CDATA[
▶ [테스트 시작] ArgumentCaptor → 전달된 메일 값 검증
]]></system-out>
  </testcase>
  <testcase name="spy_creation_partial_mock" classname="com.example.demo.MockitoCreationExamplesTest" time="0.349">
    <system-out><![CDATA[
▶ [테스트 시작] spy 사용 → 실제 동작 + 일부만 스텁
]]></system-out>
  </testcase>
  <testcase name="static_method_mocking_try_with_resources" classname="com.example.demo.MockitoCreationExamplesTest" time="0.039">
    <system-out><![CDATA[
▶ [테스트 시작] 정적 메서드 모킹 (try-with-resources)
➡️ 블록 내: KR 세율 0.20
➡️ 블록 외: KR 세율 원래 값 0.10
]]></system-out>
  </testcase>
  <testcase name="bdd_style_given_when_then" classname="com.example.demo.MockitoCreationExamplesTest" time="0.056">
    <system-out><![CDATA[
▶ [테스트 시작] BDD 스타일 → given/when/then
]]></system-out>
  </testcase>
  <testcase name="withSettings_and_deep_stubs" classname="com.example.demo.MockitoCreationExamplesTest" time="0.049">
    <system-out><![CDATA[
▶ [테스트 시작] RETURNS_DEEP_STUBS → 체이닝된 mock 호출
]]></system-out>
  </testcase>
</testsuite>